1694416365593|1|statement|connection 34|url jdbc:h2:mem:bf1e32b7-b24d-4247-addc-6ec86a7fbc99|drop table if exists blocked_user CASCADE |drop table if exists blocked_user CASCADE 
1694416365596|0|statement|connection 34|url jdbc:h2:mem:bf1e32b7-b24d-4247-addc-6ec86a7fbc99|drop table if exists comment CASCADE |drop table if exists comment CASCADE 
1694416365600|0|statement|connection 34|url jdbc:h2:mem:bf1e32b7-b24d-4247-addc-6ec86a7fbc99|drop table if exists comment_like CASCADE |drop table if exists comment_like CASCADE 
1694416365601|0|statement|connection 34|url jdbc:h2:mem:bf1e32b7-b24d-4247-addc-6ec86a7fbc99|drop table if exists dormant_user CASCADE |drop table if exists dormant_user CASCADE 
1694416365604|2|statement|connection 34|url jdbc:h2:mem:bf1e32b7-b24d-4247-addc-6ec86a7fbc99|drop table if exists feed CASCADE |drop table if exists feed CASCADE 
1694416365604|0|statement|connection 34|url jdbc:h2:mem:bf1e32b7-b24d-4247-addc-6ec86a7fbc99|drop table if exists feed_image CASCADE |drop table if exists feed_image CASCADE 
1694416365605|0|statement|connection 34|url jdbc:h2:mem:bf1e32b7-b24d-4247-addc-6ec86a7fbc99|drop table if exists feed_like CASCADE |drop table if exists feed_like CASCADE 
1694416365606|0|statement|connection 34|url jdbc:h2:mem:bf1e32b7-b24d-4247-addc-6ec86a7fbc99|drop table if exists multiple_choice CASCADE |drop table if exists multiple_choice CASCADE 
1694416365607|0|statement|connection 34|url jdbc:h2:mem:bf1e32b7-b24d-4247-addc-6ec86a7fbc99|drop table if exists notification CASCADE |drop table if exists notification CASCADE 
1694416365607|0|statement|connection 34|url jdbc:h2:mem:bf1e32b7-b24d-4247-addc-6ec86a7fbc99|drop table if exists point CASCADE |drop table if exists point CASCADE 
1694416365608|0|statement|connection 34|url jdbc:h2:mem:bf1e32b7-b24d-4247-addc-6ec86a7fbc99|drop table if exists prize CASCADE |drop table if exists prize CASCADE 
1694416365608|0|statement|connection 34|url jdbc:h2:mem:bf1e32b7-b24d-4247-addc-6ec86a7fbc99|drop table if exists quiz CASCADE |drop table if exists quiz CASCADE 
1694416365609|0|statement|connection 34|url jdbc:h2:mem:bf1e32b7-b24d-4247-addc-6ec86a7fbc99|drop table if exists refresh_token CASCADE |drop table if exists refresh_token CASCADE 
1694416365610|0|statement|connection 34|url jdbc:h2:mem:bf1e32b7-b24d-4247-addc-6ec86a7fbc99|drop table if exists user_quiz CASCADE |drop table if exists user_quiz CASCADE 
1694416365611|0|statement|connection 34|url jdbc:h2:mem:bf1e32b7-b24d-4247-addc-6ec86a7fbc99|drop table if exists users CASCADE |drop table if exists users CASCADE 
1694416365612|0|statement|connection 34|url jdbc:h2:mem:bf1e32b7-b24d-4247-addc-6ec86a7fbc99|drop table if exists withdrawn_user CASCADE |drop table if exists withdrawn_user CASCADE 
1694416365612|0|statement|connection 34|url jdbc:h2:mem:bf1e32b7-b24d-4247-addc-6ec86a7fbc99|drop sequence if exists hibernate_sequence|drop sequence if exists hibernate_sequence
1695118706884|1|statement|connection 40|url jdbc:h2:mem:b1a3d106-30cb-4933-b747-b9b8c1d7a585|drop table if exists blocked_user CASCADE |drop table if exists blocked_user CASCADE 
1695118706886|1|statement|connection 40|url jdbc:h2:mem:b1a3d106-30cb-4933-b747-b9b8c1d7a585|drop table if exists comment CASCADE |drop table if exists comment CASCADE 
1695118706887|0|statement|connection 40|url jdbc:h2:mem:b1a3d106-30cb-4933-b747-b9b8c1d7a585|drop table if exists comment_like CASCADE |drop table if exists comment_like CASCADE 
1695118706888|0|statement|connection 40|url jdbc:h2:mem:b1a3d106-30cb-4933-b747-b9b8c1d7a585|drop table if exists dormant_user CASCADE |drop table if exists dormant_user CASCADE 
1695118706892|4|statement|connection 40|url jdbc:h2:mem:b1a3d106-30cb-4933-b747-b9b8c1d7a585|drop table if exists feed CASCADE |drop table if exists feed CASCADE 
1695118706894|0|statement|connection 40|url jdbc:h2:mem:b1a3d106-30cb-4933-b747-b9b8c1d7a585|drop table if exists feed_image CASCADE |drop table if exists feed_image CASCADE 
1695118706894|0|statement|connection 40|url jdbc:h2:mem:b1a3d106-30cb-4933-b747-b9b8c1d7a585|drop table if exists feed_like CASCADE |drop table if exists feed_like CASCADE 
1695118706895|0|statement|connection 40|url jdbc:h2:mem:b1a3d106-30cb-4933-b747-b9b8c1d7a585|drop table if exists multiple_choice CASCADE |drop table if exists multiple_choice CASCADE 
1695118706896|0|statement|connection 40|url jdbc:h2:mem:b1a3d106-30cb-4933-b747-b9b8c1d7a585|drop table if exists notification CASCADE |drop table if exists notification CASCADE 
1695118706897|0|statement|connection 40|url jdbc:h2:mem:b1a3d106-30cb-4933-b747-b9b8c1d7a585|drop table if exists point CASCADE |drop table if exists point CASCADE 
1695118706897|0|statement|connection 40|url jdbc:h2:mem:b1a3d106-30cb-4933-b747-b9b8c1d7a585|drop table if exists prize CASCADE |drop table if exists prize CASCADE 
1695118706898|0|statement|connection 40|url jdbc:h2:mem:b1a3d106-30cb-4933-b747-b9b8c1d7a585|drop table if exists quiz CASCADE |drop table if exists quiz CASCADE 
1695118706898|0|statement|connection 40|url jdbc:h2:mem:b1a3d106-30cb-4933-b747-b9b8c1d7a585|drop table if exists refresh_token CASCADE |drop table if exists refresh_token CASCADE 
1695118706899|0|statement|connection 40|url jdbc:h2:mem:b1a3d106-30cb-4933-b747-b9b8c1d7a585|drop table if exists user_quiz CASCADE |drop table if exists user_quiz CASCADE 
1695118706900|0|statement|connection 40|url jdbc:h2:mem:b1a3d106-30cb-4933-b747-b9b8c1d7a585|drop table if exists users CASCADE |drop table if exists users CASCADE 
1695118706900|0|statement|connection 40|url jdbc:h2:mem:b1a3d106-30cb-4933-b747-b9b8c1d7a585|drop table if exists withdrawn_user CASCADE |drop table if exists withdrawn_user CASCADE 
1695118706902|0|statement|connection 40|url jdbc:h2:mem:b1a3d106-30cb-4933-b747-b9b8c1d7a585|drop sequence if exists hibernate_sequence|drop sequence if exists hibernate_sequence
1705162258940|0|statement|connection 40|url jdbc:h2:mem:8ffbb066-ffb0-43b2-ba81-4073a9b28080|drop table if exists blocked_user CASCADE |drop table if exists blocked_user CASCADE 
1705162258940|0|statement|connection 40|url jdbc:h2:mem:8ffbb066-ffb0-43b2-ba81-4073a9b28080|drop table if exists comment CASCADE |drop table if exists comment CASCADE 
1705162258940|0|statement|connection 40|url jdbc:h2:mem:8ffbb066-ffb0-43b2-ba81-4073a9b28080|drop table if exists comment_like CASCADE |drop table if exists comment_like CASCADE 
1705162258941|0|statement|connection 40|url jdbc:h2:mem:8ffbb066-ffb0-43b2-ba81-4073a9b28080|drop table if exists dormant_user CASCADE |drop table if exists dormant_user CASCADE 
1705162258941|0|statement|connection 40|url jdbc:h2:mem:8ffbb066-ffb0-43b2-ba81-4073a9b28080|drop table if exists feed CASCADE |drop table if exists feed CASCADE 
1705162258941|0|statement|connection 40|url jdbc:h2:mem:8ffbb066-ffb0-43b2-ba81-4073a9b28080|drop table if exists feed_image CASCADE |drop table if exists feed_image CASCADE 
1705162258941|0|statement|connection 40|url jdbc:h2:mem:8ffbb066-ffb0-43b2-ba81-4073a9b28080|drop table if exists feed_like CASCADE |drop table if exists feed_like CASCADE 
1705162258941|0|statement|connection 40|url jdbc:h2:mem:8ffbb066-ffb0-43b2-ba81-4073a9b28080|drop table if exists multiple_choice CASCADE |drop table if exists multiple_choice CASCADE 
1705162258941|0|statement|connection 40|url jdbc:h2:mem:8ffbb066-ffb0-43b2-ba81-4073a9b28080|drop table if exists notification CASCADE |drop table if exists notification CASCADE 
1705162258941|0|statement|connection 40|url jdbc:h2:mem:8ffbb066-ffb0-43b2-ba81-4073a9b28080|drop table if exists point CASCADE |drop table if exists point CASCADE 
1705162258941|0|statement|connection 40|url jdbc:h2:mem:8ffbb066-ffb0-43b2-ba81-4073a9b28080|drop table if exists prize CASCADE |drop table if exists prize CASCADE 
1705162258941|0|statement|connection 40|url jdbc:h2:mem:8ffbb066-ffb0-43b2-ba81-4073a9b28080|drop table if exists quiz CASCADE |drop table if exists quiz CASCADE 
1705162258941|0|statement|connection 40|url jdbc:h2:mem:8ffbb066-ffb0-43b2-ba81-4073a9b28080|drop table if exists ranking CASCADE |drop table if exists ranking CASCADE 
1705162258941|0|statement|connection 40|url jdbc:h2:mem:8ffbb066-ffb0-43b2-ba81-4073a9b28080|drop table if exists refresh_token CASCADE |drop table if exists refresh_token CASCADE 
1705162258942|0|statement|connection 40|url jdbc:h2:mem:8ffbb066-ffb0-43b2-ba81-4073a9b28080|drop table if exists user_quiz CASCADE |drop table if exists user_quiz CASCADE 
1705162258942|0|statement|connection 40|url jdbc:h2:mem:8ffbb066-ffb0-43b2-ba81-4073a9b28080|drop table if exists users CASCADE |drop table if exists users CASCADE 
1705162258942|0|statement|connection 40|url jdbc:h2:mem:8ffbb066-ffb0-43b2-ba81-4073a9b28080|drop table if exists withdrawn_user CASCADE |drop table if exists withdrawn_user CASCADE 
1705162258942|0|statement|connection 40|url jdbc:h2:mem:8ffbb066-ffb0-43b2-ba81-4073a9b28080|drop sequence if exists hibernate_sequence|drop sequence if exists hibernate_sequence
1705164206486|0|statement|connection 40|url jdbc:h2:mem:e9b5859b-7294-4147-9bca-45d42f86ff44|drop table if exists blocked_user CASCADE |drop table if exists blocked_user CASCADE 
1705164206487|0|statement|connection 40|url jdbc:h2:mem:e9b5859b-7294-4147-9bca-45d42f86ff44|drop table if exists comment CASCADE |drop table if exists comment CASCADE 
1705164206487|0|statement|connection 40|url jdbc:h2:mem:e9b5859b-7294-4147-9bca-45d42f86ff44|drop table if exists comment_like CASCADE |drop table if exists comment_like CASCADE 
1705164206487|0|statement|connection 40|url jdbc:h2:mem:e9b5859b-7294-4147-9bca-45d42f86ff44|drop table if exists dormant_user CASCADE |drop table if exists dormant_user CASCADE 
1705164206487|0|statement|connection 40|url jdbc:h2:mem:e9b5859b-7294-4147-9bca-45d42f86ff44|drop table if exists feed CASCADE |drop table if exists feed CASCADE 
1705164206487|0|statement|connection 40|url jdbc:h2:mem:e9b5859b-7294-4147-9bca-45d42f86ff44|drop table if exists feed_image CASCADE |drop table if exists feed_image CASCADE 
1705164206488|0|statement|connection 40|url jdbc:h2:mem:e9b5859b-7294-4147-9bca-45d42f86ff44|drop table if exists feed_like CASCADE |drop table if exists feed_like CASCADE 
1705164206488|0|statement|connection 40|url jdbc:h2:mem:e9b5859b-7294-4147-9bca-45d42f86ff44|drop table if exists multiple_choice CASCADE |drop table if exists multiple_choice CASCADE 
1705164206488|0|statement|connection 40|url jdbc:h2:mem:e9b5859b-7294-4147-9bca-45d42f86ff44|drop table if exists notification CASCADE |drop table if exists notification CASCADE 
1705164206488|0|statement|connection 40|url jdbc:h2:mem:e9b5859b-7294-4147-9bca-45d42f86ff44|drop table if exists point CASCADE |drop table if exists point CASCADE 
1705164206488|0|statement|connection 40|url jdbc:h2:mem:e9b5859b-7294-4147-9bca-45d42f86ff44|drop table if exists prize CASCADE |drop table if exists prize CASCADE 
1705164206488|0|statement|connection 40|url jdbc:h2:mem:e9b5859b-7294-4147-9bca-45d42f86ff44|drop table if exists quiz CASCADE |drop table if exists quiz CASCADE 
1705164206488|0|statement|connection 40|url jdbc:h2:mem:e9b5859b-7294-4147-9bca-45d42f86ff44|drop table if exists ranking CASCADE |drop table if exists ranking CASCADE 
1705164206488|0|statement|connection 40|url jdbc:h2:mem:e9b5859b-7294-4147-9bca-45d42f86ff44|drop table if exists refresh_token CASCADE |drop table if exists refresh_token CASCADE 
1705164206488|0|statement|connection 40|url jdbc:h2:mem:e9b5859b-7294-4147-9bca-45d42f86ff44|drop table if exists user_quiz CASCADE |drop table if exists user_quiz CASCADE 
1705164206489|0|statement|connection 40|url jdbc:h2:mem:e9b5859b-7294-4147-9bca-45d42f86ff44|drop table if exists users CASCADE |drop table if exists users CASCADE 
1705164206489|0|statement|connection 40|url jdbc:h2:mem:e9b5859b-7294-4147-9bca-45d42f86ff44|drop table if exists withdrawn_user CASCADE |drop table if exists withdrawn_user CASCADE 
1705164206489|0|statement|connection 40|url jdbc:h2:mem:e9b5859b-7294-4147-9bca-45d42f86ff44|drop sequence if exists hibernate_sequence|drop sequence if exists hibernate_sequence
1705164274575|0|statement|connection 40|url jdbc:h2:mem:a4ab3328-b881-427c-9314-2e4d83f12002|drop table if exists blocked_user CASCADE |drop table if exists blocked_user CASCADE 
1705164274576|0|statement|connection 40|url jdbc:h2:mem:a4ab3328-b881-427c-9314-2e4d83f12002|drop table if exists comment CASCADE |drop table if exists comment CASCADE 
1705164274576|0|statement|connection 40|url jdbc:h2:mem:a4ab3328-b881-427c-9314-2e4d83f12002|drop table if exists comment_like CASCADE |drop table if exists comment_like CASCADE 
1705164274576|0|statement|connection 40|url jdbc:h2:mem:a4ab3328-b881-427c-9314-2e4d83f12002|drop table if exists dormant_user CASCADE |drop table if exists dormant_user CASCADE 
1705164274576|0|statement|connection 40|url jdbc:h2:mem:a4ab3328-b881-427c-9314-2e4d83f12002|drop table if exists feed CASCADE |drop table if exists feed CASCADE 
1705164274576|0|statement|connection 40|url jdbc:h2:mem:a4ab3328-b881-427c-9314-2e4d83f12002|drop table if exists feed_image CASCADE |drop table if exists feed_image CASCADE 
1705164274576|0|statement|connection 40|url jdbc:h2:mem:a4ab3328-b881-427c-9314-2e4d83f12002|drop table if exists feed_like CASCADE |drop table if exists feed_like CASCADE 
1705164274577|0|statement|connection 40|url jdbc:h2:mem:a4ab3328-b881-427c-9314-2e4d83f12002|drop table if exists multiple_choice CASCADE |drop table if exists multiple_choice CASCADE 
1705164274577|0|statement|connection 40|url jdbc:h2:mem:a4ab3328-b881-427c-9314-2e4d83f12002|drop table if exists notification CASCADE |drop table if exists notification CASCADE 
1705164274577|0|statement|connection 40|url jdbc:h2:mem:a4ab3328-b881-427c-9314-2e4d83f12002|drop table if exists point CASCADE |drop table if exists point CASCADE 
1705164274577|0|statement|connection 40|url jdbc:h2:mem:a4ab3328-b881-427c-9314-2e4d83f12002|drop table if exists prize CASCADE |drop table if exists prize CASCADE 
1705164274577|0|statement|connection 40|url jdbc:h2:mem:a4ab3328-b881-427c-9314-2e4d83f12002|drop table if exists quiz CASCADE |drop table if exists quiz CASCADE 
1705164274577|0|statement|connection 40|url jdbc:h2:mem:a4ab3328-b881-427c-9314-2e4d83f12002|drop table if exists ranking CASCADE |drop table if exists ranking CASCADE 
1705164274577|0|statement|connection 40|url jdbc:h2:mem:a4ab3328-b881-427c-9314-2e4d83f12002|drop table if exists refresh_token CASCADE |drop table if exists refresh_token CASCADE 
1705164274577|0|statement|connection 40|url jdbc:h2:mem:a4ab3328-b881-427c-9314-2e4d83f12002|drop table if exists user_quiz CASCADE |drop table if exists user_quiz CASCADE 
1705164274577|0|statement|connection 40|url jdbc:h2:mem:a4ab3328-b881-427c-9314-2e4d83f12002|drop table if exists users CASCADE |drop table if exists users CASCADE 
1705164274577|0|statement|connection 40|url jdbc:h2:mem:a4ab3328-b881-427c-9314-2e4d83f12002|drop table if exists withdrawn_user CASCADE |drop table if exists withdrawn_user CASCADE 
1705164274577|0|statement|connection 40|url jdbc:h2:mem:a4ab3328-b881-427c-9314-2e4d83f12002|drop sequence if exists hibernate_sequence|drop sequence if exists hibernate_sequence
